{
  "RSpec": {
    "coverage": {
      "/home/thiago/Desktop/UbsLocator/app/models/health_unit.rb": [
        1,
        1,
        1,
        1,
        null,
        null
      ],
      "/home/thiago/Desktop/UbsLocator/app/models/application_record.rb": [
        1,
        1,
        null
      ],
      "/home/thiago/Desktop/UbsLocator/spec/request/health_units_controller_spec.rb": [
        1,
        1,
        null,
        2,
        null,
        1,
        1,
        1,
        1,
        null,
        null,
        null,
        1,
        1,
        1,
        1,
        null,
        null,
        1,
        1,
        1,
        1,
        1,
        1,
        1,
        1,
        null,
        null,
        null,
        1,
        1,
        1,
        1,
        1,
        1,
        null,
        null,
        null,
        1,
        null,
        1,
        3,
        null,
        null
      ],
      "/home/thiago/Desktop/UbsLocator/app/controllers/api/v1/health_units_controller.rb": [
        1,
        1,
        null,
        1,
        4,
        4,
        4,
        1,
        null,
        null,
        null,
        null,
        1,
        null,
        1,
        4,
        4,
        null,
        null
      ],
      "/home/thiago/Desktop/UbsLocator/app/controllers/application_controller.rb": [
        1,
        null
      ],
      "/home/thiago/Desktop/UbsLocator/app/services/csv_service.rb": [
        1,
        1,
        1,
        1,
        null,
        1,
        4,
        4,
        null,
        null,
        1,
        4,
        4,
        null,
        0,
        null,
        null,
        null,
        1,
        null,
        1,
        4,
        null,
        null,
        1,
        4,
        4,
        150760,
        3,
        3,
        3,
        3,
        3,
        3,
        null,
        null,
        null,
        3,
        3,
        null,
        null,
        4,
        null,
        null,
        1,
        4,
        null,
        null,
        1,
        8,
        null,
        null
      ],
      "/home/thiago/Desktop/UbsLocator/app/models/geocode.rb": [
        1,
        1,
        null,
        1,
        null,
        4,
        null,
        null
      ],
      "/home/thiago/Desktop/UbsLocator/app/models/score.rb": [
        1,
        1,
        1,
        1,
        1,
        1,
        1,
        null,
        1,
        0,
        null,
        null,
        1,
        0,
        0,
        0,
        null,
        null,
        null
      ]
    },
    "timestamp": 1557716500
  }
}
